<?xml version="1.0" encoding="UTF-8"?>
<!-- Generated by org.testng.reporters.JUnitXMLReporter -->
<testsuite ignored="0" hostname="DESKTOP-8PK82TL" failures="0" tests="4" name="annotationdemo" time="0.126" errors="0" timestamp="22 Apr 2020 11:24:52 GMT">
  <testcase classname="TC1" name="test1" time="0.014"/>
  <testcase classname="TC1" name="test2" time="0.006"/>
  <testcase classname="TC02" name="test3" time="0.006"/>
  <testcase classname="TC02" name="test4" time="0.006"/>
</testsuite> <!-- annotationdemo -->
