<?xml version="1.0" encoding="UTF-8"?>
<!-- Generated by org.testng.reporters.JUnitXMLReporter -->
<testsuite ignored="0" hostname="DESKTOP-8PK82TL" failures="1" tests="3" name="test" time="0.145" errors="0" timestamp="23 Apr 2020 02:36:21 GMT">
  <testcase classname="Listener.ListenerTest" name="test1" time="0.015"/>
  <testcase classname="Listener.ListenerTest" name="test2" time="0.003">
    <failure type="java.lang.AssertionError" message="expected [B] but found [A]">
      <![CDATA[java.lang.AssertionError: expected [B] but found [A]
at Listener.ListenerTest.test2(ListenerTest.java:20)
... Removed 31 stack frames]]>
    </failure>
  </testcase> <!-- test2 -->
  <testcase classname="Listener.ListenerTest" name="test3" time="0.002">
    <skipped/>
  </testcase> <!-- test3 -->
</testsuite> <!-- test -->
