<?xml version="1.0" encoding="UTF-8"?>
<testng-results ignored="0" total="2" passed="2" failed="0" skipped="0">
  <reporter-output>
  </reporter-output>
  <suite started-at="2020-04-28T03:48:21Z" name="Default suite" finished-at="2020-04-28T03:49:08Z" duration-ms="46981">
    <groups>
    </groups>
    <test started-at="2020-04-28T03:48:21Z" name="Default test" finished-at="2020-04-28T03:49:08Z" duration-ms="46981">
      <class name="parallelTesting.ParallelTest1">
        <test-method signature="homepageTitle()[pri:0, instance:parallelTesting.ParallelTest1@fa49800]" started-at="2020-04-28T03:48:21Z" name="homepageTitle" finished-at="2020-04-28T03:48:48Z" duration-ms="27115" status="PASS">
          <reporter-output>
          </reporter-output>
        </test-method> <!-- homepageTitle -->
        <test-method is-config="true" signature="tearDown()[pri:0, instance:parallelTesting.ParallelTest1@fa49800]" started-at="2020-04-28T03:48:48Z" name="tearDown" finished-at="2020-04-28T03:48:52Z" duration-ms="3842" status="PASS">
          <reporter-output>
          </reporter-output>
        </test-method> <!-- tearDown -->
        <test-method signature="logoTest()[pri:0, instance:parallelTesting.ParallelTest1@fa49800]" started-at="2020-04-28T03:48:52Z" name="logoTest" finished-at="2020-04-28T03:49:07Z" duration-ms="15101" status="PASS">
          <reporter-output>
          </reporter-output>
        </test-method> <!-- logoTest -->
        <test-method is-config="true" signature="tearDown()[pri:0, instance:parallelTesting.ParallelTest1@fa49800]" started-at="2020-04-28T03:49:07Z" name="tearDown" finished-at="2020-04-28T03:49:08Z" duration-ms="868" status="PASS">
          <reporter-output>
          </reporter-output>
        </test-method> <!-- tearDown -->
      </class> <!-- parallelTesting.ParallelTest1 -->
    </test> <!-- Default test -->
  </suite> <!-- Default suite -->
</testng-results>
