<?xml version="1.0" encoding="UTF-8"?>
<!-- Generated by org.testng.reporters.JUnitXMLReporter -->
<testsuite ignored="3" hostname="DESKTOP-8PK82TL" failures="0" tests="1" name="Login application(failed)" time="0.052" errors="0" timestamp="20 Apr 2020 00:27:41 GMT">
  <testcase classname="SecondTestCase" name="SearchCustomer" time="0.016"/>
  <testcase classname="SecondTestCase" name="setup" time="0.0">
    <ignored/>
  </testcase> <!-- setup -->
  <testcase classname="SecondTestCase" name="teardown" time="0.0">
    <ignored/>
  </testcase> <!-- teardown -->
  <testcase classname="SecondTestCase" name="AddCustomer" time="0.0">
    <ignored/>
  </testcase> <!-- AddCustomer -->
</testsuite> <!-- Login application(failed) -->
