<?xml version="1.0" encoding="UTF-8"?>
<!-- Generated by org.testng.reporters.JUnitXMLReporter -->
<testsuite ignored="0" hostname="DESKTOP-8PK82TL" failures="0" tests="7" name="Login application" time="0.145" errors="0" timestamp="20 Apr 2020 00:27:00 GMT">
  <testcase classname="FirstTestCase" name="setup" time="0.026"/>
  <testcase classname="SecondTestCase" name="setup" time="0.002"/>
  <testcase classname="FirstTestCase" name="login" time="0.002"/>
  <testcase classname="SecondTestCase" name="SearchCustomer" time="0.007"/>
  <testcase classname="FirstTestCase" name="teardown" time="0.003"/>
  <testcase classname="SecondTestCase" name="AddCustomer" time="0.012"/>
  <testcase classname="SecondTestCase" name="teardown" time="0.008"/>
</testsuite> <!-- Login application -->
